\BOOKMARK [1][-]{section.1}{\376\377\000S\000e\000c\000t\000i\000o\000n\000\040\0001}{}% 1
\BOOKMARK [2][-]{subsection.1.1}{\376\377\000S\000u\000b\000s\000e\000c\000t\000i\000o\000n\000\040\0001\000.\0001}{section.1}% 2
\BOOKMARK [1][-]{section.2}{\376\377\000S\000e\000c\000t\000i\000o\000n\000\040\0002}{}% 3
\BOOKMARK [2][-]{subsection.2.1}{\376\377\000S\000u\000b\000s\000e\000c\000t\000i\000o\000n\000\040\0002\000.\0001}{section.2}% 4
\BOOKMARK [2][-]{subsection.2.2}{\376\377\000S\000u\000b\000s\000e\000c\000t\000i\000o\000n\000\040\0002\000.\0002}{section.2}% 5
\BOOKMARK [1][-]{section.3}{\376\377\000S\000e\000c\000t\000i\000o\000n\000\040\0003}{}% 6
\BOOKMARK [2][-]{subsection.3.1}{\376\377\000S\000u\000b\000s\000e\000c\000t\000i\000o\000n\000\040\0003\000.\0001}{section.3}% 7
\BOOKMARK [2][-]{subsection.3.2}{\376\377\000S\000u\000b\000s\000e\000c\000t\000i\000o\000n\000\040\0003\000.\0001}{section.3}% 8
\BOOKMARK [1][-]{section.4}{\376\377\000S\000e\000c\000t\000i\000o\000n\000\040\0004}{}% 9
\BOOKMARK [2][-]{subsection.4.1}{\376\377\000S\000u\000b\000s\000e\000c\000t\000i\000o\000n\000\040\0004\000.\0001}{section.4}% 10
\BOOKMARK [2][-]{subsection.4.2}{\376\377\000S\000u\000b\000s\000e\000c\000t\000i\000o\000n\000\040\0004\000.\0002}{section.4}% 11
\BOOKMARK [1][-]{section.5}{\376\377\000S\000e\000c\000t\000i\000o\000n\000\040\0005}{}% 12
\BOOKMARK [2][-]{subsection.5.1}{\376\377\000S\000u\000b\000s\000e\000c\000t\000i\000o\000n\000\040\0005\000.\0001}{section.5}% 13
\BOOKMARK [2][-]{subsection.5.2}{\376\377\000S\000u\000b\000s\000e\000c\000t\000i\000o\000n\000\040\0005\000.\0002}{section.5}% 14
\BOOKMARK [1][-]{section.6}{\376\377\000E\000x\000a\000m\000p\000l\000e}{}% 15
\BOOKMARK [2][-]{subsection.6.1}{\376\377\000E\000n\000u\000m\000e\000r\000a\000t\000e}{section.6}% 16
\BOOKMARK [2][-]{subsection.6.2}{\376\377\000T\000a\000b\000l\000e}{section.6}% 17
\BOOKMARK [3][-]{subsubsection.6.2.1}{\376\377\000T\000a\000b\000l\000e\000s\000\040\000s\000i\000d\000e\000\040\000b\000y\000\040\000s\000i\000d\000e}{subsection.6.2}% 18
\BOOKMARK [3][-]{subsubsection.6.2.2}{\376\377\000G\000e\000n\000e\000r\000a\000l\000\040\000t\000a\000b\000l\000e}{subsection.6.2}% 19
\BOOKMARK [2][-]{subsection.6.3}{\376\377\000P\000i\000c\000t\000u\000r\000e}{section.6}% 20
\BOOKMARK [3][-]{subsubsection.6.3.1}{\376\377\000P\000i\000c\000t\000u\000r\000e\000s\000\040\000s\000i\000d\000e\000\040\000b\000y\000\040\000s\000i\000d\000e}{subsection.6.3}% 21
\BOOKMARK [3][-]{subsubsection.6.3.2}{\376\377\000p\000i\000c\000t\000u\000r\000e\000\040\000n\000a\000m\000e\000\040\000a\000d\000j\000u\000s\000t}{subsection.6.3}% 22
\BOOKMARK [2][-]{subsection.6.4}{\376\377\000E\000q\000u\000a\000t\000i\000o\000n}{section.6}% 23
